<?xml version="1.0" encoding="UTF-8"?>
<testsuite name="com.bridgelabz.MyNodeTest" tests="3" skipped="0" failures="0" errors="0" timestamp="2021-07-17T03:08:19" hostname="NIHARIKA" time="0.035">
  <properties/>
  <testcase name="given3NumbersWhenLinkedShouldPassedLikedListTest" classname="com.bridgelabz.MyNodeTest" time="0.006"/>
  <testcase name="given3NumbersWhenAddedToLinkedListShouldBeAddedToTop" classname="com.bridgelabz.MyNodeTest" time="0.018"/>
  <testcase name="given3NumbersWhenAppendedToLinkedListShouldBeAddedToLast" classname="com.bridgelabz.MyNodeTest" time="0.001"/>
  <system-out><![CDATA[My Nodes: 56->30->70
]]></system-out>
  <system-err><![CDATA[]]></system-err>
</testsuite>
