<?xml version="1.0" encoding="UTF-8"?>
<testsuite name="com.bridgelabz.MyNodeTest" tests="6" skipped="0" failures="0" errors="0" timestamp="2021-07-17T11:49:19" hostname="NIHARIKA" time="0.046">
  <properties/>
  <testcase name="given3NumbersWhenLinkedShouldPassedLikedListTest" classname="com.bridgelabz.MyNodeTest" time="0.004"/>
  <testcase name="given3NumbersWhenPoppedShouldRemoveTheFirstNode" classname="com.bridgelabz.MyNodeTest" time="0.012"/>
  <testcase name="given3NumbersWhenPoppedShouldRemoveTheLastNode" classname="com.bridgelabz.MyNodeTest" time="0.005"/>
  <testcase name="given3NumbersWhenAddedToLinkedListShouldBeAddedToTop" classname="com.bridgelabz.MyNodeTest" time="0.003"/>
  <testcase name="given3NumbersWhenInsertingSecondInBetweenShouldPassLinkedListTest" classname="com.bridgelabz.MyNodeTest" time="0.0"/>
  <testcase name="given3NumbersWhenAppendedToLinkedListShouldBeAddedToLast" classname="com.bridgelabz.MyNodeTest" time="0.002"/>
  <system-out><![CDATA[My Nodes: 30->70
My Nodes: 56->30
My Nodes: 56->30->70
]]></system-out>
  <system-err><![CDATA[]]></system-err>
</testsuite>
