<?xml version="1.0" encoding="UTF-8"?>
<testsuite name="com.bridgelabz.MyNodeTest" tests="1" skipped="0" failures="0" errors="0" timestamp="2021-07-16T09:34:01" hostname="NIHARIKA" time="0.005">
  <properties/>
  <testcase name="given3NumbersWhenLinkedShouldPassedLikedListTest" classname="com.bridgelabz.MyNodeTest" time="0.005"/>
  <system-out><![CDATA[]]></system-out>
  <system-err><![CDATA[]]></system-err>
</testsuite>
