<?xml version="1.0" encoding="UTF-8"?>
<testsuite name="com.bridgelabz.MyNodeTest" tests="4" skipped="0" failures="0" errors="0" timestamp="2021-07-17T07:29:43" hostname="NIHARIKA" time="0.028">
  <properties/>
  <testcase name="given3NumbersWhenLinkedShouldPassedLikedListTest" classname="com.bridgelabz.MyNodeTest" time="0.008"/>
  <testcase name="given3NumbersWhenAddedToLinkedListShouldBeAddedToTop" classname="com.bridgelabz.MyNodeTest" time="0.015"/>
  <testcase name="given3NumbersWhenInsertingSecondInBetweenShouldPassLinkedListTest" classname="com.bridgelabz.MyNodeTest" time="0.0"/>
  <testcase name="given3NumbersWhenAppendedToLinkedListShouldBeAddedToLast" classname="com.bridgelabz.MyNodeTest" time="0.0"/>
  <system-out><![CDATA[My Nodes: 56->30->70
]]></system-out>
  <system-err><![CDATA[]]></system-err>
</testsuite>
