<?xml version="1.0" encoding="UTF-8"?>
<testsuite name="com.bridgelabz.MyNodeTest" tests="1" skipped="0" failures="0" errors="0" timestamp="2021-07-17T12:13:30" hostname="NIHARIKA" time="0.014">
  <properties/>
  <testcase name="given3NumbersWhenSearched30ShouldGiveItsPosition" classname="com.bridgelabz.MyNodeTest" time="0.014"/>
  <system-out><![CDATA[My Nodes: 56->30->70
]]></system-out>
  <system-err><![CDATA[]]></system-err>
</testsuite>
