<?xml version="1.0" encoding="UTF-8"?>
<testsuite name="com.bridgelabz.MyNodeTest" tests="1" skipped="0" failures="0" errors="0" timestamp="2021-07-17T14:00:46" hostname="NIHARIKA" time="0.015">
  <properties/>
  <testcase name="given4NumbersShouldSortedInASECorderInLinkedList" classname="com.bridgelabz.MyNodeTest" time="0.015"/>
  <system-out><![CDATA[My Nodes: 30->40->56->70
4
]]></system-out>
  <system-err><![CDATA[]]></system-err>
</testsuite>
