<?xml version="1.0" encoding="UTF-8"?>
<testsuite name="com.bridgelabz.MyNodeTest" tests="5" skipped="0" failures="0" errors="0" timestamp="2021-07-17T07:41:18" hostname="NIHARIKA" time="0.056">
  <properties/>
  <testcase name="given3NumbersWhenLinkedShouldPassedLikedListTest" classname="com.bridgelabz.MyNodeTest" time="0.005"/>
  <testcase name="given3NumbersWhenPoppedShouldRemoveTheFirstNode" classname="com.bridgelabz.MyNodeTest" time="0.015"/>
  <testcase name="given3NumbersWhenAddedToLinkedListShouldBeAddedToTop" classname="com.bridgelabz.MyNodeTest" time="0.002"/>
  <testcase name="given3NumbersWhenInsertingSecondInBetweenShouldPassLinkedListTest" classname="com.bridgelabz.MyNodeTest" time="0.002"/>
  <testcase name="given3NumbersWhenAppendedToLinkedListShouldBeAddedToLast" classname="com.bridgelabz.MyNodeTest" time="0.005"/>
  <system-out><![CDATA[My Nodes: 30->70
My Nodes: 56->30->70
]]></system-out>
  <system-err><![CDATA[]]></system-err>
</testsuite>
